<?xml version="1.0" encoding="UTF-8"?>
<!-- Generated by org.testng.reporters.JUnitXMLReporter -->
<testsuite hostname="LAPTOP-BGB2AC1M" ignored="0" name="Test" tests="1" failures="1" timestamp="27 Jun 2023 05:26:01 GMT" time="0.028" errors="0">
  <testcase name="LoginTest" time="0.0" classname="org.Day5.Crossbrowser">
    <failure type="org.testng.TestNGException" message="
Cannot inject @Test annotated Method [LoginTest] with [class java.lang.String].
For more information on native dependency injection please refer to http://testng.org/doc/documentation-main.html#native-dependency-injection">
      <![CDATA[org.testng.TestNGException: 
Cannot inject @Test annotated Method [LoginTest] with [class java.lang.String].
For more information on native dependency injection please refer to http://testng.org/doc/documentation-main.html#native-dependency-injection
... Removed 24 stack frames]]>
    </failure>
  </testcase> <!-- LoginTest -->
</testsuite> <!-- Test -->
